{
  "stats": {
    "suites": 1,
    "tests": 1,
    "passes": 1,
    "pending": 0,
    "failures": 0,
    "start": "2023-02-22T12:05:34.648Z",
    "end": "2023-02-22T12:05:37.345Z",
    "duration": 2697,
    "testsRegistered": 1,
    "passPercent": 100,
    "pendingPercent": 0,
    "other": 0,
    "hasOther": false,
    "skipped": 0,
    "hasSkipped": false
  },
  "results": [
    {
      "uuid": "5db391df-ffd0-47fc-8ff4-c3c0af6cc770",
      "title": "",
      "fullFile": "cypress/integration/lokalizatory.js",
      "file": "cypress/integration/lokalizatory.js",
      "beforeHooks": [],
      "afterHooks": [],
      "tests": [],
      "suites": [
        {
          "uuid": "4df3a5d6-d9ad-4510-8bde-40b1172a4be1",
          "title": "E2E Lesson",
          "fullFile": "",
          "file": "",
          "beforeHooks": [],
          "afterHooks": [],
          "tests": [
            {
              "title": "Lokalizatory czesc 2",
              "fullTitle": "E2E Lesson Lokalizatory czesc 2",
              "timedOut": null,
              "duration": 2557,
              "state": "passed",
              "speed": "fast",
              "pass": true,
              "fail": false,
              "pending": false,
              "context": null,
              "code": "cy.visit(\"/\");\ncy.contains(\"Shop now !\");\ncy.contains('[title=\"Contact us\"]', 'Contact us');\ncy.get('li').parents('#home-page-tabs').find(\"li\").eq(1);\ncy.get('li').parents('#home-page-tabs').find(\"li\").first();\ncy.get('li').parents('#home-page-tabs').find(\"li\").contains(\"Best Sellers\");",
              "err": {},
              "uuid": "140bdcab-8844-4223-bc81-3d28116eec59",
              "parentUUID": "4df3a5d6-d9ad-4510-8bde-40b1172a4be1",
              "isHook": false,
              "skipped": false
            }
          ],
          "suites": [],
          "passes": [
            "140bdcab-8844-4223-bc81-3d28116eec59"
          ],
          "failures": [],
          "pending": [],
          "skipped": [],
          "duration": 2557,
          "root": false,
          "rootEmpty": false,
          "_timeout": 2000
        }
      ],
      "passes": [],
      "failures": [],
      "pending": [],
      "skipped": [],
      "duration": 0,
      "root": true,
      "rootEmpty": true,
      "_timeout": 2000
    }
  ],
  "meta": {
    "mocha": {
      "version": "7.0.1"
    },
    "mochawesome": {
      "options": {
        "quiet": false,
        "reportFilename": "mochawesome",
        "saveHtml": false,
        "saveJson": true,
        "consoleReporter": "spec",
        "useInlineDiffs": false,
        "code": true
      },
      "version": "7.1.3"
    },
    "marge": {
      "options": {
        "id": "default",
        "reportDir": "cypress/results/mochawesome",
        "overwrite": false,
        "html": false,
        "json": true
      },
      "version": "6.2.0"
    }
  }
}