{
  "stats": {
    "suites": 1,
    "tests": 1,
    "passes": 1,
    "pending": 0,
    "failures": 0,
    "start": "2023-02-22T12:05:56.331Z",
    "end": "2023-02-22T12:06:01.554Z",
    "duration": 5223,
    "testsRegistered": 1,
    "passPercent": 100,
    "pendingPercent": 0,
    "other": 0,
    "hasOther": false,
    "skipped": 0,
    "hasSkipped": false
  },
  "results": [
    {
      "uuid": "1f750588-cef9-4096-97b4-1e308fe0a1c7",
      "title": "",
      "fullFile": "cypress/integration/shadow.js",
      "file": "cypress/integration/shadow.js",
      "beforeHooks": [],
      "afterHooks": [],
      "tests": [],
      "suites": [
        {
          "uuid": "4401ed77-8201-458a-9901-a1e52e64247e",
          "title": "E2E - Shadow dom",
          "fullFile": "",
          "file": "",
          "beforeHooks": [],
          "afterHooks": [],
          "tests": [
            {
              "title": "Wykorzystanie metody shadow",
              "fullTitle": "E2E - Shadow dom Wykorzystanie metody shadow",
              "timedOut": null,
              "duration": 2490,
              "state": "passed",
              "speed": "fast",
              "pass": true,
              "fail": false,
              "pending": false,
              "context": null,
              "code": "cy.visit(\"https://www.htmlelements.com/demos/menu/shadow-dom/index.htm\"); //cy.contains(\"File\");\ncy.get(\".smart-ui-component\").shadow().contains(\"Edit\").click(); //bierzemy klesę z pierwszego elementu, \n//który znajduje się nad shadow. Następnie kozystamy z metody shadow() i teraz mozemy juz się odniesc do konkretnego elementu z shadow dom",
              "err": {},
              "uuid": "48cff2c0-36a8-4b64-8ba6-4875147c073a",
              "parentUUID": "4401ed77-8201-458a-9901-a1e52e64247e",
              "isHook": false,
              "skipped": false
            }
          ],
          "suites": [],
          "passes": [
            "48cff2c0-36a8-4b64-8ba6-4875147c073a"
          ],
          "failures": [],
          "pending": [],
          "skipped": [],
          "duration": 2490,
          "root": false,
          "rootEmpty": false,
          "_timeout": 2000
        }
      ],
      "passes": [],
      "failures": [],
      "pending": [],
      "skipped": [],
      "duration": 0,
      "root": true,
      "rootEmpty": true,
      "_timeout": 2000
    }
  ],
  "meta": {
    "mocha": {
      "version": "7.0.1"
    },
    "mochawesome": {
      "options": {
        "quiet": false,
        "reportFilename": "mochawesome",
        "saveHtml": false,
        "saveJson": true,
        "consoleReporter": "spec",
        "useInlineDiffs": false,
        "code": true
      },
      "version": "7.1.3"
    },
    "marge": {
      "options": {
        "id": "default",
        "reportDir": "cypress/results/mochawesome",
        "overwrite": false,
        "html": false,
        "json": true
      },
      "version": "6.2.0"
    }
  }
}