{
  "stats": {
    "suites": 1,
    "tests": 1,
    "passes": 1,
    "pending": 0,
    "failures": 0,
    "start": "2023-02-22T12:04:51.399Z",
    "end": "2023-02-22T12:04:54.434Z",
    "duration": 3035,
    "testsRegistered": 1,
    "passPercent": 100,
    "pendingPercent": 0,
    "other": 0,
    "hasOther": false,
    "skipped": 0,
    "hasSkipped": false
  },
  "results": [
    {
      "uuid": "617ae9fd-e07a-4e6d-af97-5b2b6310f812",
      "title": "",
      "fullFile": "cypress/integration/checkboxy.js",
      "file": "cypress/integration/checkboxy.js",
      "beforeHooks": [],
      "afterHooks": [],
      "tests": [],
      "suites": [
        {
          "uuid": "745e726b-6f8e-4051-80f4-625bd4ad0879",
          "title": "E2E - Akcja kliknięcia checkbox",
          "fullFile": "",
          "file": "",
          "beforeHooks": [],
          "afterHooks": [],
          "tests": [
            {
              "title": "Chcekbox",
              "fullTitle": "E2E - Akcja kliknięcia checkbox Chcekbox",
              "timedOut": null,
              "duration": 2955,
              "state": "passed",
              "speed": "fast",
              "pass": true,
              "fail": false,
              "pending": false,
              "context": null,
              "code": "cy.visit(\"/index.php?id_category=3&controller=category\"); // to mamy określone w pliku cypress.json\ncy.get('#ul_layered_category_0').find(\"input\").then(checkbox => {\n  cy.get(checkbox).eq(0).check();\n  cy.get(checkbox).eq(1).check({\n    force: true\n  }).invoke(\"prop\", \"checked\").then(zaznaczony => {\n    cy.log(zaznaczony);\n  }); //jeśli coś przysłoni naszego checkboxa, to i tak zostanie on zaznaczony\n});\ncy.get('#ul_layered_id_attribute_group_1').find('input').check();",
              "err": {},
              "uuid": "609bbc37-e228-4c97-84aa-b2d15396fc39",
              "parentUUID": "745e726b-6f8e-4051-80f4-625bd4ad0879",
              "isHook": false,
              "skipped": false
            }
          ],
          "suites": [],
          "passes": [
            "609bbc37-e228-4c97-84aa-b2d15396fc39"
          ],
          "failures": [],
          "pending": [],
          "skipped": [],
          "duration": 2955,
          "root": false,
          "rootEmpty": false,
          "_timeout": 2000
        }
      ],
      "passes": [],
      "failures": [],
      "pending": [],
      "skipped": [],
      "duration": 0,
      "root": true,
      "rootEmpty": true,
      "_timeout": 2000
    }
  ],
  "meta": {
    "mocha": {
      "version": "7.0.1"
    },
    "mochawesome": {
      "options": {
        "quiet": false,
        "reportFilename": "mochawesome",
        "saveHtml": false,
        "saveJson": true,
        "consoleReporter": "spec",
        "useInlineDiffs": false,
        "code": true
      },
      "version": "7.1.3"
    },
    "marge": {
      "options": {
        "id": "default",
        "reportDir": "cypress/results/mochawesome",
        "overwrite": false,
        "html": false,
        "json": true
      },
      "version": "6.2.0"
    }
  }
}