{
  "stats": {
    "suites": 1,
    "tests": 3,
    "passes": 3,
    "pending": 0,
    "failures": 0,
    "start": "2023-02-22T12:04:57.978Z",
    "end": "2023-02-22T12:05:12.208Z",
    "duration": 14230,
    "testsRegistered": 3,
    "passPercent": 100,
    "pendingPercent": 0,
    "other": 0,
    "hasOther": false,
    "skipped": 0,
    "hasSkipped": false
  },
  "results": [
    {
      "uuid": "bb7d5460-6d57-47ad-abf5-2cab96a6ad8b",
      "title": "",
      "fullFile": "cypress/integration/customCommands.js",
      "file": "cypress/integration/customCommands.js",
      "beforeHooks": [],
      "afterHooks": [],
      "tests": [],
      "suites": [
        {
          "uuid": "f4501481-e4ea-48ce-bef3-85dc2c536f42",
          "title": "E2E - Custom Commands",
          "fullFile": "",
          "file": "",
          "beforeHooks": [],
          "afterHooks": [],
          "tests": [
            {
              "title": "Przykład zastosowania komendy",
              "fullTitle": "E2E - Custom Commands Przykład zastosowania komendy",
              "timedOut": null,
              "duration": 1734,
              "state": "passed",
              "speed": "fast",
              "pass": true,
              "fail": false,
              "pending": false,
              "context": null,
              "code": "cy.openTshirtsTab();",
              "err": {},
              "uuid": "a0a0ecd1-f80d-4d84-9201-febbe7d1c313",
              "parentUUID": "f4501481-e4ea-48ce-bef3-85dc2c536f42",
              "isHook": false,
              "skipped": false
            },
            {
              "title": "Wpisywanie wartości w pole z 'wpisywanie.js'",
              "fullTitle": "E2E - Custom Commands Wpisywanie wartości w pole z 'wpisywanie.js'",
              "timedOut": null,
              "duration": 12298,
              "state": "passed",
              "speed": "slow",
              "pass": true,
              "fail": false,
              "pending": false,
              "context": null,
              "code": "cy.searchPhrase(\"Przykładowy tekstxx {backspace}\", 500);",
              "err": {},
              "uuid": "1da123bc-6fee-48f2-bff7-6d340d62ece7",
              "parentUUID": "f4501481-e4ea-48ce-bef3-85dc2c536f42",
              "isHook": false,
              "skipped": false
            },
            {
              "title": "Czyszczenie pola po wpisaniu frazy",
              "fullTitle": "E2E - Custom Commands Czyszczenie pola po wpisaniu frazy",
              "timedOut": null,
              "duration": 140,
              "state": "passed",
              "speed": "fast",
              "pass": true,
              "fail": false,
              "pending": false,
              "context": null,
              "code": "cy.clearInput();",
              "err": {},
              "uuid": "63e4ea06-a9fe-458d-ab80-bfd16293e3f7",
              "parentUUID": "f4501481-e4ea-48ce-bef3-85dc2c536f42",
              "isHook": false,
              "skipped": false
            }
          ],
          "suites": [],
          "passes": [
            "a0a0ecd1-f80d-4d84-9201-febbe7d1c313",
            "1da123bc-6fee-48f2-bff7-6d340d62ece7",
            "63e4ea06-a9fe-458d-ab80-bfd16293e3f7"
          ],
          "failures": [],
          "pending": [],
          "skipped": [],
          "duration": 14172,
          "root": false,
          "rootEmpty": false,
          "_timeout": 2000
        }
      ],
      "passes": [],
      "failures": [],
      "pending": [],
      "skipped": [],
      "duration": 0,
      "root": true,
      "rootEmpty": true,
      "_timeout": 2000
    }
  ],
  "meta": {
    "mocha": {
      "version": "7.0.1"
    },
    "mochawesome": {
      "options": {
        "quiet": false,
        "reportFilename": "mochawesome",
        "saveHtml": false,
        "saveJson": true,
        "consoleReporter": "spec",
        "useInlineDiffs": false,
        "code": true
      },
      "version": "7.1.3"
    },
    "marge": {
      "options": {
        "id": "default",
        "reportDir": "cypress/results/mochawesome",
        "overwrite": false,
        "html": false,
        "json": true
      },
      "version": "6.2.0"
    }
  }
}