{
  "stats": {
    "suites": 1,
    "tests": 2,
    "passes": 2,
    "pending": 0,
    "failures": 0,
    "start": "2023-02-22T12:06:04.942Z",
    "end": "2023-02-22T12:06:08.596Z",
    "duration": 3654,
    "testsRegistered": 2,
    "passPercent": 100,
    "pendingPercent": 0,
    "other": 0,
    "hasOther": false,
    "skipped": 0,
    "hasSkipped": false
  },
  "results": [
    {
      "uuid": "8b139142-24b4-4c56-b798-5dfa5ef0a990",
      "title": "",
      "fullFile": "cypress/integration/trigger.js",
      "file": "cypress/integration/trigger.js",
      "beforeHooks": [],
      "afterHooks": [],
      "tests": [],
      "suites": [
        {
          "uuid": "27374902-21e9-4b48-bac4-ce30a7c69cb1",
          "title": "E2E - Scrollowanie/najechanie",
          "fullFile": "",
          "file": "",
          "beforeHooks": [],
          "afterHooks": [],
          "tests": [
            {
              "title": "Najechanie na dany element",
              "fullTitle": "E2E - Scrollowanie/najechanie Najechanie na dany element",
              "timedOut": null,
              "duration": 3556,
              "state": "passed",
              "speed": "fast",
              "pass": true,
              "fail": false,
              "pending": false,
              "context": null,
              "code": "cy.visit(\"/\"); // to mamy określone w pliku cypress.json\ncy.get('a[title=\"Dresses\"]').eq(1).trigger(\"focus\");\ncy.get('li.sfHover a[title=\"Summer Dresses\"]').click();",
              "err": {},
              "uuid": "a13a7253-4f3d-4457-a90a-e7e4e0e3cf96",
              "parentUUID": "27374902-21e9-4b48-bac4-ce30a7c69cb1",
              "isHook": false,
              "skipped": false
            },
            {
              "title": "Scrollowanie do boxa specials",
              "fullTitle": "E2E - Scrollowanie/najechanie Scrollowanie do boxa specials",
              "timedOut": null,
              "duration": 44,
              "state": "passed",
              "speed": "fast",
              "pass": true,
              "fail": false,
              "pending": false,
              "context": null,
              "code": "cy.get('a[title=\"Specials\"]').scrollIntoView();",
              "err": {},
              "uuid": "ecfeb527-a6db-4a58-b198-1b84b420b842",
              "parentUUID": "27374902-21e9-4b48-bac4-ce30a7c69cb1",
              "isHook": false,
              "skipped": false
            }
          ],
          "suites": [],
          "passes": [
            "a13a7253-4f3d-4457-a90a-e7e4e0e3cf96",
            "ecfeb527-a6db-4a58-b198-1b84b420b842"
          ],
          "failures": [],
          "pending": [],
          "skipped": [],
          "duration": 3600,
          "root": false,
          "rootEmpty": false,
          "_timeout": 2000
        }
      ],
      "passes": [],
      "failures": [],
      "pending": [],
      "skipped": [],
      "duration": 0,
      "root": true,
      "rootEmpty": true,
      "_timeout": 2000
    }
  ],
  "meta": {
    "mocha": {
      "version": "7.0.1"
    },
    "mochawesome": {
      "options": {
        "quiet": false,
        "reportFilename": "mochawesome",
        "saveHtml": false,
        "saveJson": true,
        "consoleReporter": "spec",
        "useInlineDiffs": false,
        "code": true
      },
      "version": "7.1.3"
    },
    "marge": {
      "options": {
        "id": "default",
        "reportDir": "cypress/results/mochawesome",
        "overwrite": false,
        "html": false,
        "json": true
      },
      "version": "6.2.0"
    }
  }
}