{
  "stats": {
    "suites": 1,
    "tests": 2,
    "passes": 2,
    "pending": 0,
    "failures": 0,
    "start": "2023-02-22T12:06:17.874Z",
    "end": "2023-02-22T12:06:31.159Z",
    "duration": 13285,
    "testsRegistered": 2,
    "passPercent": 100,
    "pendingPercent": 0,
    "other": 0,
    "hasOther": false,
    "skipped": 0,
    "hasSkipped": false
  },
  "results": [
    {
      "uuid": "35f65423-7f2f-4f3c-83d6-39ebef4eed82",
      "title": "",
      "fullFile": "cypress/integration/wpisywanie.js",
      "file": "cypress/integration/wpisywanie.js",
      "beforeHooks": [],
      "afterHooks": [],
      "tests": [],
      "suites": [
        {
          "uuid": "26e18f4d-61e8-4029-8efa-63886ddde35e",
          "title": "E2E - Wpisywanie",
          "fullFile": "",
          "file": "",
          "beforeHooks": [],
          "afterHooks": [],
          "tests": [
            {
              "title": "Wpisywanie wartości w pole",
              "fullTitle": "E2E - Wpisywanie Wpisywanie wartości w pole",
              "timedOut": null,
              "duration": 13118,
              "state": "passed",
              "speed": "slow",
              "pass": true,
              "fail": false,
              "pending": false,
              "context": null,
              "code": "cy.visit(\"/\"); // to mamy określone w pliku cypress.json\ncy.get(\"#search_query_top\").type(\"Przykładowy tekstxx {backspace}\", {\n  delay: 500\n});",
              "err": {},
              "uuid": "5efb6c62-d9e3-4062-9956-45d5d67e9bd3",
              "parentUUID": "26e18f4d-61e8-4029-8efa-63886ddde35e",
              "isHook": false,
              "skipped": false
            },
            {
              "title": "Czyszczenie wartości z pola input",
              "fullTitle": "E2E - Wpisywanie Czyszczenie wartości z pola input",
              "timedOut": null,
              "duration": 145,
              "state": "passed",
              "speed": "fast",
              "pass": true,
              "fail": false,
              "pending": false,
              "context": null,
              "code": "cy.get(\"#search_query_top\").clear();",
              "err": {},
              "uuid": "f78af685-943a-45e9-9560-adb2be5494a8",
              "parentUUID": "26e18f4d-61e8-4029-8efa-63886ddde35e",
              "isHook": false,
              "skipped": false
            }
          ],
          "suites": [],
          "passes": [
            "5efb6c62-d9e3-4062-9956-45d5d67e9bd3",
            "f78af685-943a-45e9-9560-adb2be5494a8"
          ],
          "failures": [],
          "pending": [],
          "skipped": [],
          "duration": 13263,
          "root": false,
          "rootEmpty": false,
          "_timeout": 2000
        }
      ],
      "passes": [],
      "failures": [],
      "pending": [],
      "skipped": [],
      "duration": 0,
      "root": true,
      "rootEmpty": true,
      "_timeout": 2000
    }
  ],
  "meta": {
    "mocha": {
      "version": "7.0.1"
    },
    "mochawesome": {
      "options": {
        "quiet": false,
        "reportFilename": "mochawesome",
        "saveHtml": false,
        "saveJson": true,
        "consoleReporter": "spec",
        "useInlineDiffs": false,
        "code": true
      },
      "version": "7.1.3"
    },
    "marge": {
      "options": {
        "id": "default",
        "reportDir": "cypress/results/mochawesome",
        "overwrite": false,
        "html": false,
        "json": true
      },
      "version": "6.2.0"
    }
  }
}