{
  "stats": {
    "suites": 1,
    "tests": 1,
    "passes": 1,
    "pending": 0,
    "failures": 0,
    "start": "2023-02-22T09:40:04.267Z",
    "end": "2023-02-22T09:40:11.210Z",
    "duration": 6943,
    "testsRegistered": 1,
    "passPercent": 100,
    "pendingPercent": 0,
    "other": 0,
    "hasOther": false,
    "skipped": 0,
    "hasSkipped": false
  },
  "results": [
    {
      "uuid": "84ec2ade-3015-4149-92c0-e0e081aa1dd2",
      "title": "",
      "fullFile": "cypress/integration/klikniecie.js",
      "file": "cypress/integration/klikniecie.js",
      "beforeHooks": [],
      "afterHooks": [],
      "tests": [],
      "suites": [
        {
          "uuid": "0c89dac0-ee0d-41f8-abbd-828fb5d8ba1e",
          "title": "E2E - Akcja kliknięcia",
          "fullFile": "",
          "file": "",
          "beforeHooks": [],
          "afterHooks": [],
          "tests": [
            {
              "title": "Kliknięcie na element",
              "fullTitle": "E2E - Akcja kliknięcia Kliknięcie na element",
              "timedOut": null,
              "duration": 6869,
              "state": "passed",
              "speed": "medium",
              "pass": true,
              "fail": false,
              "pending": false,
              "context": null,
              "code": "cy.visit(\"/\"); // to mamy określone w pliku cypress.json\ncy.contains('[title=\"Contact us\"]', \"Contact us\").click();\ncy.get('[title=\"Return to Home\"]').click();",
              "err": {},
              "uuid": "5c7ba58a-67cc-45a0-a1c1-78cfa175fae5",
              "parentUUID": "0c89dac0-ee0d-41f8-abbd-828fb5d8ba1e",
              "isHook": false,
              "skipped": false
            }
          ],
          "suites": [],
          "passes": [
            "5c7ba58a-67cc-45a0-a1c1-78cfa175fae5"
          ],
          "failures": [],
          "pending": [],
          "skipped": [],
          "duration": 6869,
          "root": false,
          "rootEmpty": false,
          "_timeout": 2000
        }
      ],
      "passes": [],
      "failures": [],
      "pending": [],
      "skipped": [],
      "duration": 0,
      "root": true,
      "rootEmpty": true,
      "_timeout": 2000
    }
  ],
  "meta": {
    "mocha": {
      "version": "7.0.1"
    },
    "mochawesome": {
      "options": {
        "quiet": false,
        "reportFilename": "mochawesome",
        "saveHtml": false,
        "saveJson": true,
        "consoleReporter": "spec",
        "useInlineDiffs": false,
        "code": true
      },
      "version": "7.1.3"
    },
    "marge": {
      "options": {
        "id": "default",
        "reportDir": "cypress/results/mochawesome",
        "overwrite": false,
        "html": false,
        "json": true
      },
      "version": "6.2.0"
    }
  }
}