{
  "stats": {
    "suites": 1,
    "tests": 2,
    "passes": 2,
    "pending": 0,
    "failures": 0,
    "start": "2023-02-22T12:04:31.886Z",
    "end": "2023-02-22T12:04:35.212Z",
    "duration": 3326,
    "testsRegistered": 2,
    "passPercent": 100,
    "pendingPercent": 0,
    "other": 0,
    "hasOther": false,
    "skipped": 0,
    "hasSkipped": false
  },
  "results": [
    {
      "uuid": "268682be-7f14-4c45-8ad1-d219ee07b423",
      "title": "",
      "fullFile": "cypress/integration/alertPOM.js",
      "file": "cypress/integration/alertPOM.js",
      "beforeHooks": [],
      "afterHooks": [],
      "tests": [],
      "suites": [
        {
          "uuid": "211b3e18-b3e4-4eb7-91c7-01a54cfc52d6",
          "title": "E2E - Alerty",
          "fullFile": "",
          "file": "",
          "beforeHooks": [],
          "afterHooks": [],
          "tests": [
            {
              "title": "Test związany z alertem1",
              "fullTitle": "E2E - Alerty Test związany z alertem1",
              "timedOut": null,
              "duration": 444,
              "state": "passed",
              "speed": "fast",
              "pass": true,
              "fail": false,
              "pending": false,
              "context": null,
              "code": "cy.visit(\"https://testowanie-oprogramowania.pl/lekcje/alerty/\");\n_alertPage.default.clickButtonAlert1();\n_alertPage.default.verifyAlert1Text(\"Przykładowa treść alertu\"); //tutaj w nawiasie przekzaujemy parametr w postaci treści",
              "err": {},
              "uuid": "96169dd1-ad60-4e1a-91eb-78112a2d2502",
              "parentUUID": "211b3e18-b3e4-4eb7-91c7-01a54cfc52d6",
              "isHook": false,
              "skipped": false
            },
            {
              "title": "Test związany z alertem2",
              "fullTitle": "E2E - Alerty Test związany z alertem2",
              "timedOut": null,
              "duration": 126,
              "state": "passed",
              "speed": "fast",
              "pass": true,
              "fail": false,
              "pending": false,
              "context": null,
              "code": "_alertPage.default.clickButtonAlert2();\n_alertPage.default.verifyAlert2Text(\"Zaakceptuj aby kontynuować!\"); //przekazujemy parametr w postaci treści\n\n_alertPage.default.rejectAlert();\n_alertPage.default.acceptAlert();",
              "err": {},
              "uuid": "554bde69-00a3-45d8-a4fb-bf02506f1e30",
              "parentUUID": "211b3e18-b3e4-4eb7-91c7-01a54cfc52d6",
              "isHook": false,
              "skipped": false
            }
          ],
          "suites": [],
          "passes": [
            "96169dd1-ad60-4e1a-91eb-78112a2d2502",
            "554bde69-00a3-45d8-a4fb-bf02506f1e30"
          ],
          "failures": [],
          "pending": [],
          "skipped": [],
          "duration": 570,
          "root": false,
          "rootEmpty": false,
          "_timeout": 2000
        }
      ],
      "passes": [],
      "failures": [],
      "pending": [],
      "skipped": [],
      "duration": 0,
      "root": true,
      "rootEmpty": true,
      "_timeout": 2000
    }
  ],
  "meta": {
    "mocha": {
      "version": "7.0.1"
    },
    "mochawesome": {
      "options": {
        "quiet": false,
        "reportFilename": "mochawesome",
        "saveHtml": false,
        "saveJson": true,
        "consoleReporter": "spec",
        "useInlineDiffs": false,
        "code": true
      },
      "version": "7.1.3"
    },
    "marge": {
      "options": {
        "id": "default",
        "reportDir": "cypress/results/mochawesome",
        "overwrite": false,
        "html": false,
        "json": true
      },
      "version": "6.2.0"
    }
  }
}