<?xml version="1.0" encoding="UTF-8"?>
<testsuites name="Mocha Tests" time="3.035" tests="1" failures="0">
  <testsuite name="Root Suite" timestamp="2023-02-22T12:04:51" tests="0" file="cypress/integration/checkboxy.js" time="0.000" failures="0">
  </testsuite>
  <testsuite name="E2E - Akcja kliknięcia checkbox" timestamp="2023-02-22T12:04:51" tests="1" time="2.918" failures="0">
    <testcase name="E2E - Akcja kliknięcia checkbox Chcekbox" time="2.955" classname="Chcekbox">
    </testcase>
  </testsuite>
</testsuites>