<?xml version="1.0" encoding="UTF-8"?>
<testsuites name="Mocha Tests" time="9.138" tests="3" failures="0">
  <testsuite name="Root Suite" timestamp="2023-02-22T12:04:19" tests="0" file="cypress/integration/API/pierwszy_test_API.js" time="0.000" failures="0">
  </testsuite>
  <testsuite name="E2E - Testy API" timestamp="2023-02-22T12:04:19" tests="3" time="9.048" failures="0">
    <testcase name="E2E - Testy API Weryfikacja tagów API" time="2.337" classname="Weryfikacja tagów API">
    </testcase>
    <testcase name="E2E - Testy API Niepoprawne logowanie" time="1.809" classname="Niepoprawne logowanie">
    </testcase>
    <testcase name="E2E - Testy API Poprawne logowanie" time="2.231" classname="Poprawne logowanie">
    </testcase>
  </testsuite>
</testsuites>