<?xml version="1.0" encoding="UTF-8"?>
<testsuites name="Mocha Tests" time="3.367" tests="1" failures="0">
  <testsuite name="Root Suite" timestamp="2023-02-22T12:05:15" tests="0" file="cypress/integration/klikniecie.js" time="0.000" failures="0">
  </testsuite>
  <testsuite name="E2E - Akcja kliknięcia" timestamp="2023-02-22T12:05:15" tests="1" time="3.292" failures="0">
    <testcase name="E2E - Akcja kliknięcia Kliknięcie na element" time="3.328" classname="Kliknięcie na element">
    </testcase>
  </testsuite>
</testsuites>