<?xml version="1.0" encoding="UTF-8"?>
<testsuites name="Mocha Tests" time="8.127" tests="1" failures="0">
  <testsuite name="Root Suite" timestamp="2023-02-22T12:05:22" tests="0" file="cypress/integration/lighthouse.js" time="0.000" failures="0">
  </testsuite>
  <testsuite name="Testy lighthouse" timestamp="2023-02-22T12:05:23" tests="1" time="7.836" failures="0">
    <testcase name="Testy lighthouse Pierwszy test lighthouse" time="2.855" classname="Pierwszy test lighthouse">
    </testcase>
  </testsuite>
</testsuites>