<?xml version="1.0" encoding="UTF-8"?>
<testsuites name="Mocha Tests" time="1.505" tests="1" failures="0">
  <testsuite name="Root Suite" timestamp="2023-02-22T12:06:12" tests="0" file="cypress/integration/wgrywanie_pliku.js" time="0.000" failures="0">
  </testsuite>
  <testsuite name="E2E - Akcja wgrywanie pliku" timestamp="2023-02-22T12:06:12" tests="1" time="1.405" failures="0">
    <testcase name="E2E - Akcja wgrywanie pliku Wgrywanie pliku do inputa w Contact us" time="1.457" classname="Wgrywanie pliku do inputa w Contact us">
    </testcase>
  </testsuite>
</testsuites>