<?xml version="1.0" encoding="UTF-8"?>
<testsuites name="Mocha Tests" time="5.223" tests="1" failures="0">
  <testsuite name="Root Suite" timestamp="2023-02-22T12:05:56" tests="0" file="cypress/integration/shadow.js" time="0.000" failures="0">
  </testsuite>
  <testsuite name="E2E - Shadow dom" timestamp="2023-02-22T12:05:56" tests="1" time="5.108" failures="0">
    <testcase name="E2E - Shadow dom Wykorzystanie metody shadow" time="2.490" classname="Wykorzystanie metody shadow">
    </testcase>
  </testsuite>
</testsuites>