<?xml version="1.0" encoding="UTF-8"?>
<testsuites name="Mocha Tests" time="3.654" tests="2" failures="0">
  <testsuite name="Root Suite" timestamp="2023-02-22T12:06:04" tests="0" file="cypress/integration/trigger.js" time="0.000" failures="0">
  </testsuite>
  <testsuite name="E2E - Scrollowanie/najechanie" timestamp="2023-02-22T12:06:05" tests="2" time="3.474" failures="0">
    <testcase name="E2E - Scrollowanie/najechanie Najechanie na dany element" time="3.556" classname="Najechanie na dany element">
    </testcase>
    <testcase name="E2E - Scrollowanie/najechanie Scrollowanie do boxa specials" time="0.044" classname="Scrollowanie do boxa specials">
    </testcase>
  </testsuite>
</testsuites>