<?xml version="1.0" encoding="UTF-8"?>
<testsuites name="Mocha Tests" time="14.230" tests="3" failures="0">
  <testsuite name="Root Suite" timestamp="2023-02-22T12:04:57" tests="0" file="cypress/integration/customCommands.js" time="0.000" failures="0">
  </testsuite>
  <testsuite name="E2E - Custom Commands" timestamp="2023-02-22T12:04:58" tests="3" time="14.142" failures="0">
    <testcase name="E2E - Custom Commands Przykład zastosowania komendy" time="1.734" classname="Przykład zastosowania komendy">
    </testcase>
    <testcase name="E2E - Custom Commands Wpisywanie wartości w pole z &apos;wpisywanie.js&apos;" time="12.298" classname="Wpisywanie wartości w pole z &apos;wpisywanie.js&apos;">
    </testcase>
    <testcase name="E2E - Custom Commands Czyszczenie pola po wpisaniu frazy" time="0.140" classname="Czyszczenie pola po wpisaniu frazy">
    </testcase>
  </testsuite>
</testsuites>